<?xml version="1.0" encoding="UTF-8"?>
<!-- Generated by org.testng.reporters.JUnitReportReporter -->
<testsuite hostname="DESKTOP-5FESB8K" failures="0" tests="6" name="test.TC_002LoginTest" time="34.201" errors="0" timestamp="2025-03-29T14:43:59 IST" skipped="0">
  <testcase classname="test.TC_002LoginTest" name="testValidLogin" time="5.374"/>
  <testcase classname="test.TC_002LoginTest" name="testValidLogin" time="5.083"/>
  <testcase classname="test.TC_002LoginTest" name="testValidLogin" time="6.090"/>
  <testcase classname="test.TC_002LoginTest" name="testValidLogin" time="5.991"/>
  <testcase classname="test.TC_002LoginTest" name="testLoginButtonVisibility" time="4.079"/>
  <testcase classname="test.TC_002LoginTest" name="testInvalidLogin" time="7.584"/>
</testsuite> <!-- test.TC_002LoginTest -->
