<?xml version="1.0" encoding="UTF-8"?>
<!-- Generated by org.testng.reporters.JUnitReportReporter -->
<testsuite hostname="DESKTOP-5FESB8K" failures="0" tests="9" name="test.TC_001SignUpTest" time="72.297" errors="0" timestamp="2025-03-29T14:43:59 IST" skipped="0">
  <testcase classname="test.TC_001SignUpTest" name="testSignupUsers" time="8.394"/>
  <testcase classname="test.TC_001SignUpTest" name="testSignupUsers" time="8.597"/>
  <testcase classname="test.TC_001SignUpTest" name="testSignupUsers" time="8.199"/>
  <testcase classname="test.TC_001SignUpTest" name="testSignupUsers" time="8.365"/>
  <testcase classname="test.TC_001SignUpTest" name="testSignupFunctionality" time="5.697"/>
  <testcase classname="test.TC_001SignUpTest" name="testSignupUsers" time="8.278"/>
  <testcase classname="test.TC_001SignUpTest" name="testSignupUsers" time="9.015"/>
  <testcase classname="test.TC_001SignUpTest" name="testSignupUsers" time="7.742"/>
  <testcase classname="test.TC_001SignUpTest" name="testSignupUsers" time="8.010"/>
</testsuite> <!-- test.TC_001SignUpTest -->
