<?xml version="1.0" encoding="UTF-8"?>
<!-- Generated by org.testng.reporters.JUnitReportReporter -->
<testsuite hostname="DESKTOP-5FESB8K" failures="0" tests="10" name="test.TC_005ContactDetailsTest" time="121.306" errors="0" timestamp="2025-03-29T14:43:59 IST" skipped="0">
  <testcase classname="test.TC_005ContactDetailsTest" name="testEditContactDetails" time="12.165"/>
  <testcase classname="test.TC_005ContactDetailsTest" name="testEditContactDetails" time="12.243"/>
  <testcase classname="test.TC_005ContactDetailsTest" name="testEditContactDetails" time="13.496"/>
  <testcase classname="test.TC_005ContactDetailsTest" name="testContactRedirectsToDetailsPage" time="6.430"/>
  <testcase classname="test.TC_005ContactDetailsTest" name="testEditContactDetails" time="12.508"/>
  <testcase classname="test.TC_005ContactDetailsTest" name="testEditContactDetails" time="12.524"/>
  <testcase classname="test.TC_005ContactDetailsTest" name="testEditContactDetails" time="11.819"/>
  <testcase classname="test.TC_005ContactDetailsTest" name="testEditContactDetails" time="12.529"/>
  <testcase classname="test.TC_005ContactDetailsTest" name="testDeleteContactDetails" time="14.654"/>
  <testcase classname="test.TC_005ContactDetailsTest" name="testEditContactDetails" time="12.938"/>
</testsuite> <!-- test.TC_005ContactDetailsTest -->
