<?xml version="1.0" encoding="UTF-8"?>
<!-- Generated by org.testng.reporters.JUnitReportReporter -->
<testsuite hostname="DESKTOP-5FESB8K" failures="0" tests="1" name="test.TC_006LogoutTest" time="7.499" errors="0" timestamp="2025-03-29T14:43:59 IST" skipped="0">
  <testcase classname="test.TC_006LogoutTest" name="testLogoutPage" time="7.499"/>
</testsuite> <!-- test.TC_006LogoutTest -->
