<?xml version="1.0" encoding="UTF-8"?>
<!-- Generated by org.testng.reporters.JUnitReportReporter -->
<testsuite hostname="DESKTOP-5FESB8K" failures="0" tests="3" name="test.TC_003ContactPageTest" time="26.449" errors="0" timestamp="2025-03-29T14:43:59 IST" skipped="0">
  <testcase classname="test.TC_003ContactPageTest" name="testAddContact" time="8.226"/>
  <testcase classname="test.TC_003ContactPageTest" name="testAddContact" time="9.481"/>
  <testcase classname="test.TC_003ContactPageTest" name="testAddContact" time="8.742"/>
</testsuite> <!-- test.TC_003ContactPageTest -->
